<?xml version="1.0" encoding="UTF-8"?>
<robot generator="Robot 3.1 (Python 3.7.0 on win32)" generated="20190613 01:24:51.413" rpa="false">
<suite id="s1" name="ToolsQA assignment" source="C:\Users\Gurunag.U\eclipse-workspace\ToolsQA_assignment">
<suite id="s1-s1" name="ToolsQA assignment testsuite" source="C:\Users\Gurunag.U\eclipse-workspace\ToolsQA_assignment\ToolsQA_assignment_testsuite.robot">
<test id="s1-s1-t1" name="OPening the browser">
<kw name="Open Brower And Open Page" library="ToolsQA_assignment_resource">
<kw name="Open Browser" library="SeleniumLibrary">
<doc>Opens a new browser instance to the given ``url``.</doc>
<arguments>
<arg>${url}</arg>
<arg>${browser}</arg>
</arguments>
<msg timestamp="20190613 01:24:52.372" level="INFO">Opening browser 'gc' to base url 'https://www.toolsqa.com/automation-practice-form/'.</msg>
<kw name="Capture Page Screenshot" library="SeleniumLibrary">
<doc>Takes screenshot of the current page and embeds it into log file.</doc>
<msg timestamp="20190613 01:25:02.363" level="FAIL">WebDriverException: Message: chrome not reachable
  (Session info: chrome=75.0.3770.80)
  (Driver info: chromedriver=74.0.3729.6 (255758eccf3d244491b8a1317aa76e1ce10d57e9-refs/branch-heads/3729@{#29}),platform=Windows NT 6.3.9600 x86_64)
</msg>
<status status="FAIL" starttime="20190613 01:24:56.323" endtime="20190613 01:25:02.364"></status>
</kw>
<msg timestamp="20190613 01:25:02.365" level="WARN">Keyword 'Capture Page Screenshot' could not be run on failure: WebDriverException: Message: chrome not reachable
  (Session info: chrome=75.0.3770.80)
  (Driver info: chromedriver=74.0.3729.6 (255758eccf3d244491b8a1317aa76e1ce10d57e9-refs/branch-heads/3729@{#29}),platform=Windows NT 6.3.9600 x86_64)
</msg>
<msg timestamp="20190613 01:25:02.369" level="FAIL">WebDriverException: Message: unknown error: cannot determine loading status
from disconnected: received Inspector.detached event
  (Session info: chrome=75.0.3770.80)
  (Driver info: chromedriver=74.0.3729.6 (255758eccf3d244491b8a1317aa76e1ce10d57e9-refs/branch-heads/3729@{#29}),platform=Windows NT 6.3.9600 x86_64)
</msg>
<status status="FAIL" starttime="20190613 01:24:52.371" endtime="20190613 01:25:02.370"></status>
</kw>
<status status="FAIL" starttime="20190613 01:24:52.369" endtime="20190613 01:25:02.371"></status>
</kw>
<status status="FAIL" starttime="20190613 01:24:52.368" endtime="20190613 01:25:02.372" critical="yes">WebDriverException: Message: unknown error: cannot determine loading status
from disconnected: received Inspector.detached event
  (Session info: chrome=75.0.3770.80)
  (Driver info: chromedriver=74.0.3729.6 (255758eccf3d244491b8a1317aa76e1ce10d57e9-refs/branch-heads/3729@{#29}),platform=Windows NT 6.3.9600 x86_64)
</status>
</test>
<test id="s1-s1-t2" name="Test Radio Button">
<kw name="Year Of Experience Radio Button" library="ToolsQA_assignment_resource">
<kw name="Wait Until Element Is Visible" library="SeleniumLibrary">
<doc>Waits until element ``locator`` is visible.</doc>
<arguments>
<arg>${radiobutton_locator}</arg>
</arguments>
<kw name="Capture Page Screenshot" library="SeleniumLibrary">
<doc>Takes screenshot of the current page and embeds it into log file.</doc>
<msg timestamp="20190613 01:25:14.417" level="FAIL">WebDriverException: Message: chrome not reachable
  (Session info: chrome=75.0.3770.80)
  (Driver info: chromedriver=74.0.3729.6 (255758eccf3d244491b8a1317aa76e1ce10d57e9-refs/branch-heads/3729@{#29}),platform=Windows NT 6.3.9600 x86_64)
</msg>
<status status="FAIL" starttime="20190613 01:25:08.387" endtime="20190613 01:25:14.418"></status>
</kw>
<msg timestamp="20190613 01:25:14.419" level="WARN">Keyword 'Capture Page Screenshot' could not be run on failure: WebDriverException: Message: chrome not reachable
  (Session info: chrome=75.0.3770.80)
  (Driver info: chromedriver=74.0.3729.6 (255758eccf3d244491b8a1317aa76e1ce10d57e9-refs/branch-heads/3729@{#29}),platform=Windows NT 6.3.9600 x86_64)
</msg>
<msg timestamp="20190613 01:25:14.427" level="FAIL">WebDriverException: Message: chrome not reachable
  (Session info: chrome=75.0.3770.80)
  (Driver info: chromedriver=74.0.3729.6 (255758eccf3d244491b8a1317aa76e1ce10d57e9-refs/branch-heads/3729@{#29}),platform=Windows NT 6.3.9600 x86_64)
</msg>
<status status="FAIL" starttime="20190613 01:25:02.378" endtime="20190613 01:25:14.428"></status>
</kw>
<status status="FAIL" starttime="20190613 01:25:02.376" endtime="20190613 01:25:14.429"></status>
</kw>
<status status="FAIL" starttime="20190613 01:25:02.374" endtime="20190613 01:25:14.430" critical="yes">WebDriverException: Message: chrome not reachable
  (Session info: chrome=75.0.3770.80)
  (Driver info: chromedriver=74.0.3729.6 (255758eccf3d244491b8a1317aa76e1ce10d57e9-refs/branch-heads/3729@{#29}),platform=Windows NT 6.3.9600 x86_64)
</status>
</test>
<test id="s1-s1-t3" name="close the browser">
<kw name="Closing Browser" library="ToolsQA_assignment_resource">
<kw name="Sleep" library="BuiltIn">
<doc>Pauses the test executed for the given time.</doc>
<arguments>
<arg>3s</arg>
</arguments>
<msg timestamp="20190613 01:25:17.437" level="INFO">Slept 3 seconds</msg>
<status status="PASS" starttime="20190613 01:25:14.435" endtime="20190613 01:25:17.437"></status>
</kw>
<kw name="Close Browser" library="SeleniumLibrary">
<doc>Closes the current browser.</doc>
<status status="PASS" starttime="20190613 01:25:17.438" endtime="20190613 01:25:19.619"></status>
</kw>
<status status="PASS" starttime="20190613 01:25:14.433" endtime="20190613 01:25:19.620"></status>
</kw>
<status status="PASS" starttime="20190613 01:25:14.431" endtime="20190613 01:25:19.621" critical="yes"></status>
</test>
<doc>this file contains the test cases for the toolsQA website</doc>
<status status="FAIL" starttime="20190613 01:24:51.603" endtime="20190613 01:25:19.624"></status>
</suite>
<status status="FAIL" starttime="20190613 01:24:51.521" endtime="20190613 01:25:19.638"></status>
</suite>
<statistics>
<total>
<stat pass="1" fail="2">Critical Tests</stat>
<stat pass="1" fail="2">All Tests</stat>
</total>
<tag>
</tag>
<suite>
<stat pass="1" fail="2" id="s1" name="ToolsQA assignment">ToolsQA assignment</stat>
<stat pass="1" fail="2" id="s1-s1" name="ToolsQA assignment testsuite">ToolsQA assignment.ToolsQA assignment testsuite</stat>
</suite>
</statistics>
<errors>
<msg timestamp="20190613 01:25:02.365" level="WARN">Keyword 'Capture Page Screenshot' could not be run on failure: WebDriverException: Message: chrome not reachable
  (Session info: chrome=75.0.3770.80)
  (Driver info: chromedriver=74.0.3729.6 (255758eccf3d244491b8a1317aa76e1ce10d57e9-refs/branch-heads/3729@{#29}),platform=Windows NT 6.3.9600 x86_64)
</msg>
<msg timestamp="20190613 01:25:14.419" level="WARN">Keyword 'Capture Page Screenshot' could not be run on failure: WebDriverException: Message: chrome not reachable
  (Session info: chrome=75.0.3770.80)
  (Driver info: chromedriver=74.0.3729.6 (255758eccf3d244491b8a1317aa76e1ce10d57e9-refs/branch-heads/3729@{#29}),platform=Windows NT 6.3.9600 x86_64)
</msg>
</errors>
</robot>
